<?xml version="1.0" encoding="UTF-8"?>
<testng-results ignored="0" total="1" passed="1" failed="0" skipped="0">
  <reporter-output>
  </reporter-output>
  <suite started-at="2024-06-18T05:25:53Z" name="Default suite" finished-at="2024-06-18T05:26:00Z" duration-ms="6713">
    <groups>
    </groups>
    <test started-at="2024-06-18T05:25:53Z" name="Default test" finished-at="2024-06-18T05:26:00Z" duration-ms="6713">
      <class name="testCase1.SucessfulLoginTestNg">
        <test-method is-config="true" signature="m1()[pri:0, instance:testCase1.SucessfulLoginTestNg@6e9a5ed8]" started-at="2024-06-18T05:25:53Z" name="m1" finished-at="2024-06-18T05:25:56Z" duration-ms="2619" status="PASS">
          <reporter-output>
          </reporter-output>
        </test-method> <!-- m1 -->
        <test-method is-config="true" signature="m2()[pri:0, instance:testCase1.SucessfulLoginTestNg@6e9a5ed8]" started-at="2024-06-18T05:25:56Z" name="m2" finished-at="2024-06-18T05:25:59Z" duration-ms="3437" status="PASS">
          <reporter-output>
          </reporter-output>
        </test-method> <!-- m2 -->
        <test-method signature="m3()[pri:0, instance:testCase1.SucessfulLoginTestNg@6e9a5ed8]" started-at="2024-06-18T05:25:59Z" name="m3" finished-at="2024-06-18T05:25:59Z" duration-ms="246" status="PASS">
          <reporter-output>
          </reporter-output>
        </test-method> <!-- m3 -->
        <test-method is-config="true" signature="m4()[pri:0, instance:testCase1.SucessfulLoginTestNg@6e9a5ed8]" started-at="2024-06-18T05:25:59Z" name="m4" finished-at="2024-06-18T05:25:59Z" duration-ms="129" status="PASS">
          <reporter-output>
          </reporter-output>
        </test-method> <!-- m4 -->
        <test-method is-config="true" signature="m5()[pri:0, instance:testCase1.SucessfulLoginTestNg@6e9a5ed8]" started-at="2024-06-18T05:25:59Z" name="m5" finished-at="2024-06-18T05:26:00Z" duration-ms="248" status="PASS">
          <reporter-output>
          </reporter-output>
        </test-method> <!-- m5 -->
      </class> <!-- testCase1.SucessfulLoginTestNg -->
    </test> <!-- Default test -->
  </suite> <!-- Default suite -->
</testng-results>
